2016-03-21 14:26:22,294 [INFO] from play.core.server.NettyServer in pool-4-thread-3 - Listening for HTTP on /0:0:0:0:0:0:0:0:9000
2016-03-21 14:26:45,898 [ERROR] from application in New I/O worker #1 - 

! @6pfec06be - Internal server error, for (GET) [/] ->
 
play.sbt.PlayExceptions$CompilationException: Compilation error[Cannot use a method returning play.api.mvc.Result as a Handler for requests]
	at play.sbt.PlayExceptions$CompilationException$.apply(PlayExceptions.scala:27) ~[na:na]
	at play.sbt.PlayExceptions$CompilationException$.apply(PlayExceptions.scala:27) ~[na:na]
	at scala.Option.map(Option.scala:145) ~[scala-library-2.11.7.jar:na]
	at play.sbt.run.PlayReload$$anonfun$taskFailureHandler$1.apply(PlayReload.scala:49) ~[na:na]
	at play.sbt.run.PlayReload$$anonfun$taskFailureHandler$1.apply(PlayReload.scala:44) ~[na:na]
	at scala.Option.map(Option.scala:145) ~[scala-library-2.11.7.jar:na]
	at play.sbt.run.PlayReload$.taskFailureHandler(PlayReload.scala:44) ~[na:na]
	at play.sbt.run.PlayReload$.compileFailure(PlayReload.scala:40) ~[na:na]
	at play.sbt.run.PlayReload$$anonfun$compile$1.apply(PlayReload.scala:17) ~[na:na]
	at play.sbt.run.PlayReload$$anonfun$compile$1.apply(PlayReload.scala:17) ~[na:na]
	at scala.util.Either$LeftProjection.map(Either.scala:377) ~[scala-library-2.11.7.jar:na]
	at play.sbt.run.PlayReload$.compile(PlayReload.scala:17) ~[na:na]
	at play.sbt.run.PlayRun$$anonfun$playRunTask$1$$anonfun$apply$2$$anonfun$apply$3$$anonfun$2.apply(PlayRun.scala:61) ~[na:na]
	at play.sbt.run.PlayRun$$anonfun$playRunTask$1$$anonfun$apply$2$$anonfun$apply$3$$anonfun$2.apply(PlayRun.scala:61) ~[na:na]
	at play.runsupport.Reloader$$anonfun$reload$1.apply(Reloader.scala:323) ~[na:na]
	at play.runsupport.Reloader$$anon$3.run(Reloader.scala:43) ~[na:na]
	at java.security.AccessController.doPrivileged(Native Method) ~[na:1.8.0_74]
	at play.runsupport.Reloader$.play$runsupport$Reloader$$withReloaderContextClassLoader(Reloader.scala:39) ~[na:na]
	at play.runsupport.Reloader.reload(Reloader.scala:321) ~[na:na]
	at play.core.server.DevServerStart$$anonfun$mainDev$1$$anon$1$$anonfun$get$1.apply(DevServerStart.scala:113) ~[play-server_2.11-2.4.6.jar:2.4.6]
	at play.core.server.DevServerStart$$anonfun$mainDev$1$$anon$1$$anonfun$get$1.apply(DevServerStart.scala:111) ~[play-server_2.11-2.4.6.jar:2.4.6]
	at scala.concurrent.impl.Future$PromiseCompletingRunnable.liftedTree1$1(Future.scala:24) ~[scala-library-2.11.7.jar:na]
	at scala.concurrent.impl.Future$PromiseCompletingRunnable.run(Future.scala:24) ~[scala-library-2.11.7.jar:na]
	at java.util.concurrent.ForkJoinTask$RunnableExecuteAction.exec(ForkJoinTask.java:1402) ~[na:1.8.0_74]
	at java.util.concurrent.ForkJoinTask.doExec(ForkJoinTask.java:289) ~[na:1.8.0_74]
	at java.util.concurrent.ForkJoinPool$WorkQueue.runTask(ForkJoinPool.java:1056) ~[na:1.8.0_74]
	at java.util.concurrent.ForkJoinPool.runWorker(ForkJoinPool.java:1692) ~[na:1.8.0_74]
	at java.util.concurrent.ForkJoinWorkerThread.run(ForkJoinWorkerThread.java:157) ~[na:1.8.0_74]
